\BOOKMARK [1][-]{section.1}{\376\377\000I\000n\000t\000r\000o\000d\000u\000c\000t\000i\000o\000n}{}% 1
\BOOKMARK [1][-]{section.2}{\376\377\000M\000e\000t\000h\000o\000d\000s}{}% 2
\BOOKMARK [2][-]{subsection.2.1}{\376\377\000S\000t\000u\000d\000y\000\040\000d\000e\000s\000i\000g\000n\000\040\000a\000n\000d\000\040\000d\000a\000t\000a\000\040\000c\000o\000l\000l\000e\000c\000t\000i\000o\000n}{section.2}% 3
\BOOKMARK [3][-]{subsubsection.2.1.1}{\376\377\000C\000O\0002\000\040\000m\000o\000n\000i\000t\000o\000r\000i\000n\000g}{subsection.2.1}% 4
\BOOKMARK [3][-]{subsubsection.2.1.2}{\376\377\000O\000c\000c\000u\000p\000a\000n\000c\000y\000\040\000g\000r\000o\000u\000n\000d\000\040\000t\000r\000u\000t\000h}{subsection.2.1}% 5
\BOOKMARK [3][-]{subsubsection.2.1.3}{\376\377\000D\000a\000t\000a\000s\000e\000t\000\040\000s\000u\000m\000m\000a\000r\000y}{subsection.2.1}% 6
\BOOKMARK [2][-]{subsection.2.2}{\376\377\000C\000O\0002\000\040\000d\000y\000n\000a\000m\000i\000c\000s\000\040\000m\000o\000d\000e\000l}{section.2}% 7
\BOOKMARK [3][-]{subsubsection.2.2.1}{\376\377\000P\000h\000y\000s\000i\000c\000a\000l\000\040\000i\000n\000t\000e\000r\000p\000r\000e\000t\000a\000t\000i\000o\000n\000\040\000o\000f\000\040\000m\000o\000d\000e\000l\000\040\000p\000a\000r\000a\000m\000e\000t\000e\000r\000s}{subsection.2.2}% 8
\BOOKMARK [3][-]{subsubsection.2.2.2}{\376\377\000B\000a\000s\000e\000l\000i\000n\000e\000\040\000e\000s\000t\000i\000m\000a\000t\000i\000o\000n}{subsection.2.2}% 9
\BOOKMARK [2][-]{subsection.2.3}{\376\377\000P\000a\000r\000a\000m\000e\000t\000e\000r\000\040\000e\000s\000t\000i\000m\000a\000t\000i\000o\000n}{section.2}% 10
\BOOKMARK [3][-]{subsubsection.2.3.1}{\376\377\000R\000o\000o\000m\000-\000l\000e\000v\000e\000l\000\040\000o\000c\000c\000u\000p\000a\000n\000c\000y\000\040\000l\000a\000b\000e\000l\000s\000\040\000f\000o\000r\000\040\000s\000h\000a\000r\000e\000d\000\040\000r\000o\000o\000m\000s}{subsection.2.3}% 11
\BOOKMARK [3][-]{subsubsection.2.3.2}{\376\377\000D\000e\000c\000a\000y\000\040\000p\000a\000r\000a\000m\000e\000t\000e\000r\000\040\000\050\000\051}{subsection.2.3}% 12
\BOOKMARK [3][-]{subsubsection.2.3.3}{\376\377\000G\000e\000n\000e\000r\000a\000t\000i\000o\000n\000\040\000r\000a\000t\000e\000\040\000\050\000g\000\051}{subsection.2.3}% 13
\BOOKMARK [3][-]{subsubsection.2.3.4}{\376\377\000I\000n\000n\000o\000v\000a\000t\000i\000o\000n\000\040\000n\000o\000i\000s\000e\000\040\000\050\000\051}{subsection.2.3}% 14
\BOOKMARK [3][-]{subsubsection.2.3.5}{\376\377\000F\000a\000l\000l\000b\000a\000c\000k\000\040\000p\000a\000r\000a\000m\000e\000t\000e\000r\000\040\000r\000u\000l\000e\000s}{subsection.2.3}% 15
\BOOKMARK [2][-]{subsection.2.4}{\376\377\000B\000l\000o\000c\000k\000-\000l\000e\000v\000e\000l\000\040\000e\000x\000c\000e\000s\000s\000\040\000e\000s\000t\000i\000m\000a\000t\000i\000o\000n}{section.2}% 16
\BOOKMARK [3][-]{subsubsection.2.4.1}{\376\377\000P\000e\000r\000-\000s\000e\000n\000s\000o\000r\000\040\000e\000m\000p\000t\000y\000-\000r\000o\000o\000m\000\040\000c\000a\000l\000i\000b\000r\000a\000t\000i\000o\000n}{subsection.2.4}% 17
\BOOKMARK [3][-]{subsubsection.2.4.2}{\376\377\000S\000e\000l\000f\000-\000n\000o\000r\000m\000a\000l\000i\000z\000i\000n\000g\000\040\000s\000c\000a\000l\000e}{subsection.2.4}% 18
\BOOKMARK [3][-]{subsubsection.2.4.3}{\376\377\000O\000c\000c\000u\000p\000i\000e\000d\000\040\000m\000i\000n\000u\000t\000e\000s\000\040\000e\000s\000t\000i\000m\000a\000t\000i\000o\000n}{subsection.2.4}% 19
\BOOKMARK [2][-]{subsection.2.5}{\376\377\000M\000o\000n\000t\000e\000\040\000C\000a\000r\000l\000o\000\040\000u\000n\000c\000e\000r\000t\000a\000i\000n\000t\000y\000\040\000q\000u\000a\000n\000t\000i\000f\000i\000c\000a\000t\000i\000o\000n}{section.2}% 20
\BOOKMARK [2][-]{subsection.2.6}{\376\377\000V\000a\000l\000i\000d\000a\000t\000i\000o\000n\000\040\000f\000r\000a\000m\000e\000w\000o\000r\000k}{section.2}% 21
\BOOKMARK [3][-]{subsubsection.2.6.1}{\376\377\000C\000a\000l\000i\000b\000r\000a\000t\000i\000o\000n\000\040\000d\000i\000a\000g\000n\000o\000s\000t\000i\000c\000s\000\040\000\050\000C\0001\040\023\000C\0002\000\051}{subsection.2.6}% 22
\BOOKMARK [3][-]{subsubsection.2.6.2}{\376\377\000I\000n\000d\000e\000p\000e\000n\000d\000e\000n\000t\000\040\000e\000v\000a\000l\000u\000a\000t\000i\000o\000n\000\040\000c\000r\000i\000t\000e\000r\000i\000a\000\040\000\050\000E\0001\040\023\000E\0004\000\051}{subsection.2.6}% 23
\BOOKMARK [3][-]{subsubsection.2.6.3}{\376\377\000O\000u\000t\000-\000o\000f\000-\000s\000a\000m\000p\000l\000e\000\040\000t\000e\000m\000p\000o\000r\000a\000l\000\040\000s\000p\000l\000i\000t}{subsection.2.6}% 24
\BOOKMARK [3][-]{subsubsection.2.6.4}{\376\377\000B\000a\000s\000e\000l\000i\000n\000e\000\040\000c\000o\000m\000p\000a\000r\000a\000t\000o\000r\000s}{subsection.2.6}% 25
\BOOKMARK [3][-]{subsubsection.2.6.5}{\376\377\000S\000e\000m\000i\000s\000y\000n\000t\000h\000e\000t\000i\000c\000\040\000v\000a\000l\000i\000d\000a\000t\000i\000o\000n}{subsection.2.6}% 26
\BOOKMARK [1][-]{section.3}{\376\377\000R\000e\000s\000u\000l\000t\000s}{}% 27
\BOOKMARK [2][-]{subsection.3.1}{\376\377\000S\000e\000n\000s\000o\000r\000\040\000p\000h\000y\000s\000i\000c\000s\000\040\000p\000a\000r\000a\000m\000e\000t\000e\000r\000s}{section.3}% 28
\BOOKMARK [2][-]{subsection.3.2}{\376\377\000B\000l\000o\000c\000k\000-\000l\000e\000v\000e\000l\000\040\000d\000u\000r\000a\000t\000i\000o\000n\000\040\000e\000s\000t\000i\000m\000a\000t\000e\000s}{section.3}% 29
\BOOKMARK [2][-]{subsection.3.3}{\376\377\000T\000i\000m\000e\000-\000o\000f\000-\000d\000a\000y\000\040\000p\000a\000t\000t\000e\000r\000n\000s}{section.3}% 30
\BOOKMARK [2][-]{subsection.3.4}{\376\377\000C\000O\0002\000\040\000t\000r\000a\000c\000e\000\040\000e\000x\000a\000m\000p\000l\000e\000s}{section.3}% 31
\BOOKMARK [2][-]{subsection.3.5}{\376\377\000V\000a\000l\000i\000d\000a\000t\000i\000o\000n\000\040\000r\000e\000s\000u\000l\000t\000s}{section.3}% 32
\BOOKMARK [3][-]{subsubsection.3.5.1}{\376\377\000L\000a\000b\000e\000l\000\040\000=\000\040\0000\000\040\000s\000a\000n\000i\000t\000y\000\040\000c\000h\000e\000c\000k}{subsection.3.5}% 33
\BOOKMARK [3][-]{subsubsection.3.5.2}{\376\377\000L\000e\000a\000v\000e\000-\000o\000n\000e\000-\000s\000e\000n\000s\000o\000r\000-\000o\000u\000t\000\040\000c\000r\000o\000s\000s\000-\000v\000a\000l\000i\000d\000a\000t\000i\000o\000n}{subsection.3.5}% 34
\BOOKMARK [3][-]{subsubsection.3.5.3}{\376\377\000S\000e\000n\000s\000i\000t\000i\000v\000i\000t\000y\000\040\000a\000n\000a\000l\000y\000s\000i\000s}{subsection.3.5}% 35
\BOOKMARK [2][-]{subsection.3.6}{\376\377\000U\000n\000c\000e\000r\000t\000a\000i\000n\000t\000y\000\040\000a\000n\000a\000l\000y\000s\000i\000s}{section.3}% 36
\BOOKMARK [2][-]{subsection.3.7}{\376\377\000I\000n\000d\000i\000v\000i\000d\000u\000a\000l\000\040\000s\000u\000b\000j\000e\000c\000t\000\040\000p\000r\000o\000f\000i\000l\000e\000s}{section.3}% 37
\BOOKMARK [2][-]{subsection.3.8}{\376\377\000S\000h\000a\000r\000e\000d\000\040\000v\000s\000.\000\040\000s\000i\000n\000g\000l\000e\000-\000o\000c\000c\000u\000p\000a\000n\000c\000y\000\040\000r\000o\000o\000m\000s}{section.3}% 38
\BOOKMARK [2][-]{subsection.3.9}{\376\377\000D\000a\000i\000l\000y\000\040\000h\000e\000a\000t\000m\000a\000p}{section.3}% 39
\BOOKMARK [1][-]{section.4}{\376\377\000D\000i\000s\000c\000u\000s\000s\000i\000o\000n}{}% 40
\BOOKMARK [2][-]{subsection.4.1}{\376\377\000O\000u\000t\000-\000o\000f\000-\000s\000a\000m\000p\000l\000e\000\040\000e\000m\000p\000t\000y\000-\000r\000o\000o\000m\000\040\000c\000a\000l\000i\000b\000r\000a\000t\000i\000o\000n}{section.4}% 41
\BOOKMARK [2][-]{subsection.4.2}{\376\377\000C\000o\000m\000p\000a\000r\000i\000s\000o\000n\000\040\000w\000i\000t\000h\000\040\000b\000a\000s\000e\000l\000i\000n\000e\000\040\000m\000e\000t\000h\000o\000d\000s}{section.4}% 42
\BOOKMARK [2][-]{subsection.4.3}{\376\377\000S\000e\000m\000i\000s\000y\000n\000t\000h\000e\000t\000i\000c\000\040\000v\000a\000l\000i\000d\000a\000t\000i\000o\000n}{section.4}% 43
\BOOKMARK [2][-]{subsection.4.4}{\376\377\000S\000t\000r\000e\000n\000g\000t\000h\000s\000\040\000o\000f\000\040\000t\000h\000e\000\040\000a\000p\000p\000r\000o\000a\000c\000h}{section.4}% 44
\BOOKMARK [2][-]{subsection.4.5}{\376\377\000L\000i\000m\000i\000t\000a\000t\000i\000o\000n\000s}{section.4}% 45
\BOOKMARK [2][-]{subsection.4.6}{\376\377\000C\000o\000m\000p\000a\000r\000i\000s\000o\000n\000\040\000t\000o\000\040\000l\000i\000t\000e\000r\000a\000t\000u\000r\000e}{section.4}% 46
\BOOKMARK [1][-]{section.5}{\376\377\000C\000o\000n\000c\000l\000u\000s\000i\000o\000n\000s}{}% 47
